Traceback (most recent call last):
  File "/Users/lenguyengiahung/Code/Healytics/env/lib/python3.11/site-packages/urllib3/connection.py", line 204, in _new_conn
    sock = connection.create_connection(
           ^^^^^^^^^^^^^^^^^^^^^^^^^^^^^
  File "/Users/lenguyengiahung/Code/Healytics/env/lib/python3.11/site-packages/urllib3/util/connection.py", line 85, in create_connection
    raise err
  File "/Users/lenguyengiahung/Code/Healytics/env/lib/python3.11/site-packages/urllib3/util/connection.py", line 73, in create_connection
    sock.connect(sa)
ConnectionRefusedError: [Errno 61] Connection refused

The above exception was the direct cause of the following exception:

Traceback (most recent call last):
  File "/Users/lenguyengiahung/Code/Healytics/env/lib/python3.11/site-packages/urllib3/connectionpool.py", line 774, in urlopen
    self._prepare_proxy(conn)
  File "/Users/lenguyengiahung/Code/Healytics/env/lib/python3.11/site-packages/urllib3/connectionpool.py", line 1055, in _prepare_proxy
    conn.connect()
  File "/Users/lenguyengiahung/Code/Healytics/env/lib/python3.11/site-packages/urllib3/connection.py", line 759, in connect
    self.sock = sock = self._new_conn()
                       ^^^^^^^^^^^^^^^^
  File "/Users/lenguyengiahung/Code/Healytics/env/lib/python3.11/site-packages/urllib3/connection.py", line 219, in _new_conn
    raise NewConnectionError(
urllib3.exceptions.NewConnectionError: HTTPSConnection(host='127.0.0.1', port=59373): Failed to establish a new connection: [Errno 61] Connection refused

The above exception was the direct cause of the following exception:

urllib3.exceptions.ProxyError: ('Unable to connect to proxy', NewConnectionError("HTTPSConnection(host='127.0.0.1', port=59373): Failed to establish a new connection: [Errno 61] Connection refused"))

The above exception was the direct cause of the following exception:

Traceback (most recent call last):
  File "/Users/lenguyengiahung/Code/Healytics/env/lib/python3.11/site-packages/requests/adapters.py", line 696, in send
    resp = conn.urlopen(
           ^^^^^^^^^^^^^
  File "/Users/lenguyengiahung/Code/Healytics/env/lib/python3.11/site-packages/urllib3/connectionpool.py", line 842, in urlopen
    retries = retries.increment(
              ^^^^^^^^^^^^^^^^^^
  File "/Users/lenguyengiahung/Code/Healytics/env/lib/python3.11/site-packages/urllib3/util/retry.py", line 543, in increment
    raise MaxRetryError(_pool, url, reason) from reason  # type: ignore[arg-type]
    ^^^^^^^^^^^^^^^^^^^^^^^^^^^^^^^^^^^^^^^^^^^^^^^^^^^
urllib3.exceptions.MaxRetryError: HTTPSConnectionPool(host='search-healytics-who-et572nybnlgo7dclgmdyg7vcpq.aos.ap-southeast-1.on.aws', port=443): Max retries exceeded with url: /healytics_who_chunks (Caused by ProxyError('Unable to connect to proxy', NewConnectionError("HTTPSConnection(host='127.0.0.1', port=59373): Failed to establish a new connection: [Errno 61] Connection refused")))

During handling of the above exception, another exception occurred:

Traceback (most recent call last):
  File "/Users/lenguyengiahung/Code/Healytics/env/lib/python3.11/site-packages/opensearchpy/connection/http_requests.py", line 200, in perform_request
    response = self.session.send(prepared_request, **send_kwargs)
               ^^^^^^^^^^^^^^^^^^^^^^^^^^^^^^^^^^^^^^^^^^^^^^^^^^
  File "/Users/lenguyengiahung/Code/Healytics/env/lib/python3.11/site-packages/requests/sessions.py", line 784, in send
    r = adapter.send(request, **kwargs)
        ^^^^^^^^^^^^^^^^^^^^^^^^^^^^^^^
  File "/Users/lenguyengiahung/Code/Healytics/env/lib/python3.11/site-packages/requests/adapters.py", line 723, in send
    raise ProxyError(e, request=request)
requests.exceptions.ProxyError: HTTPSConnectionPool(host='search-healytics-who-et572nybnlgo7dclgmdyg7vcpq.aos.ap-southeast-1.on.aws', port=443): Max retries exceeded with url: /healytics_who_chunks (Caused by ProxyError('Unable to connect to proxy', NewConnectionError("HTTPSConnection(host='127.0.0.1', port=59373): Failed to establish a new connection: [Errno 61] Connection refused")))

During handling of the above exception, another exception occurred:

Traceback (most recent call last):
  File "<frozen runpy>", line 198, in _run_module_as_main
  File "<frozen runpy>", line 88, in _run_code
  File "/Users/lenguyengiahung/Code/Healytics/ai_services/who_ingestion/pipeline.py", line 241, in <module>
    main()
  File "/Users/lenguyengiahung/Code/Healytics/ai_services/who_ingestion/pipeline.py", line 233, in main
    run_pipeline(
  File "/Users/lenguyengiahung/Code/Healytics/ai_services/who_ingestion/pipeline.py", line 151, in run_pipeline
    ingestor.ensure_index()
  File "/Users/lenguyengiahung/Code/Healytics/ai_services/who_ingestion/elasticsearch_ingest.py", line 153, in ensure_index
    exists = client.indices.exists(index=index)
             ^^^^^^^^^^^^^^^^^^^^^^^^^^^^^^^^^^
  File "/Users/lenguyengiahung/Code/Healytics/env/lib/python3.11/site-packages/opensearchpy/client/utils.py", line 176, in _wrapped
    return func(*args, params=params, headers=headers, **kwargs)
           ^^^^^^^^^^^^^^^^^^^^^^^^^^^^^^^^^^^^^^^^^^^^^^^^^^^^^
  File "/Users/lenguyengiahung/Code/Healytics/env/lib/python3.11/site-packages/opensearchpy/client/indices.py", line 672, in exists
    return self.transport.perform_request(
           ^^^^^^^^^^^^^^^^^^^^^^^^^^^^^^^
  File "/Users/lenguyengiahung/Code/Healytics/env/lib/python3.11/site-packages/opensearchpy/transport.py", line 455, in perform_request
    raise e
  File "/Users/lenguyengiahung/Code/Healytics/env/lib/python3.11/site-packages/opensearchpy/transport.py", line 418, in perform_request
    status, headers_response, data = connection.perform_request(
                                     ^^^^^^^^^^^^^^^^^^^^^^^^^^^
  File "/Users/lenguyengiahung/Code/Healytics/env/lib/python3.11/site-packages/opensearchpy/connection/http_requests.py", line 218, in perform_request
    raise ConnectionError("N/A", str(e), e)
opensearchpy.exceptions.ConnectionError: ConnectionError(HTTPSConnectionPool(host='search-healytics-who-et572nybnlgo7dclgmdyg7vcpq.aos.ap-southeast-1.on.aws', port=443): Max retries exceeded with url: /healytics_who_chunks (Caused by ProxyError('Unable to connect to proxy', NewConnectionError("HTTPSConnection(host='127.0.0.1', port=59373): Failed to establish a new connection: [Errno 61] Connection refused")))) caused by: ProxyError(HTTPSConnectionPool(host='search-healytics-who-et572nybnlgo7dclgmdyg7vcpq.aos.ap-southeast-1.on.aws', port=443): Max retries exceeded with url: /healytics_who_chunks (Caused by ProxyError('Unable to connect to proxy', NewConnectionError("HTTPSConnection(host='127.0.0.1', port=59373): Failed to establish a new connection: [Errno 61] Connection refused"))))
